[2024-11-13 18:20:10]	[ALERT]	404 - commande non existante :: /api/v1/fake-datas/posts/113
[2024-11-13 18:20:22]	[ALERT]	500 - le contrôleur App\Controller\ArtistesController n'existe pas
[2024-11-13 18:20:24]	[ALERT]	500 - le contrôleur App\Controller\ArtistesController n'existe pas
[2024-11-13 18:21:48]	[ALERT]	404 - erreur dans le processus de traitement du routage
    routeInfo: array(
        0 => 1,
        1 => 'artistes@index',
        2 => array(),
    )
    exception-line: 225
    exception-file: 'C:\xampp\htdocs\api\src\Model\Model.php'
    exception-code: 'SQLSTATE[HY000]: General error: 1 no such table: Artiste'
[2024-11-13 18:21:51]	[ALERT]	404 - erreur dans le processus de traitement du routage
    routeInfo: array(
        0 => 1,
        1 => 'artistes@index',
        2 => array(),
    )
    exception-line: 225
    exception-file: 'C:\xampp\htdocs\api\src\Model\Model.php'
    exception-code: 'SQLSTATE[HY000]: General error: 1 no such table: Artiste'
[2024-11-13 18:23:05]	[ALERT]	500 - le contrôleur App\Controller\MusiquesController n'existe pas
[2024-11-13 18:24:36]	[ALERT]	500 - le contrôleur App\Controller\AlbumsController n'existe pas
[2024-11-13 18:25:29]	[ALERT]	500 - le contrôleur App\Controller\AlbumsController n'existe pas
[2024-11-13 18:25:43]	[ALERT]	500 - le contrôleur App\Controller\AlbumsController n'existe pas
[2024-11-13 18:26:22]	[ALERT]	500 - le contrôleur App\Controller\AlbumsController n'existe pas
[2024-11-13 18:26:23]	[ALERT]	500 - le contrôleur App\Controller\AlbumsController n'existe pas
[2024-11-13 18:30:30]	[ALERT]	404 - commande non existante :: /
[2024-11-13 18:30:41]	[ALERT]	404 - commande non existante :: /
[2024-11-13 18:31:04]	[ALERT]	404 - commande non existante :: /
[2024-11-13 20:20:02]	[ALERT]	404 - commande non existante :: /api/v1/
[2024-11-13 20:22:46]	[ALERT]	404 - commande non existante :: /api/v1/
[2024-11-13 20:25:13]	[ALERT]	404 - commande non existante :: /api/v1/
[2024-11-13 21:13:03]	[ALERT]	404 - commande non existante :: /api/v1//1
[2024-11-13 21:17:22]	[ALERT]	404 - commande non existante :: /api/v1//1
[2024-11-13 21:17:53]	[ALERT]	404 - commande non existante :: /api/v1/1
[2024-11-13 21:20:36]	[ALERT]	404 - commande non existante :: /api/v1/1
[2024-11-13 21:25:39]	[ALERT]	404 - commande non existante :: /api/v1/1
[2024-11-13 21:27:24]	[ALERT]	404 - commande non existante :: /api/v1//4
[2024-11-13 21:28:06]	[ALERT]	404 - commande non existante :: /api/v1/4
[2024-11-13 21:30:35]	[ALERT]	404 - commande non existante :: /api/v1/1
[2024-11-13 21:30:36]	[ALERT]	404 - commande non existante :: /api/v1/1
[2024-11-13 21:31:01]	[ALERT]	404 - commande non existante :: /api/v1/4
[2024-11-13 21:35:49]	[ALERT]	404 - commande non existante :: /api/v1/4
[2024-11-13 21:38:08]	[ALERT]	404 - commande non existante :: /api/v1/musique/4
[2024-11-13 21:38:27]	[ALERT]	404 - commande non existante :: /api/v1/musique/4
[2024-11-13 21:39:43]	[ALERT]	404 - commande non existante :: /api/v1/musique/4
[2024-11-13 21:41:52]	[ALERT]	404 - commande non existante :: /api/v1/musique/4
[2024-11-13 21:43:46]	[ALERT]	404 - commande non existante :: /api/v1/musique/4
[2024-11-13 21:45:42]	[ALERT]	404 - commande non existante :: /api/v1/musique/4
[2024-11-13 21:49:26]	[ALERT]	404 - commande non existante :: /api/v1/musique/4
[2024-11-13 21:51:30]	[ALERT]	404 - commande non existante :: /api/v1/musique/4
[2024-11-13 22:45:35]	[ALERT]	404 - erreur dans le processus de traitement du routage
    routeInfo: array(
        0 => 1,
        1 => 'musiques@listPaginated',
        2 => array(),
    )
    exception-line: 56
    exception-file: 'C:\xampp\htdocs\api\src\Controller\MusiquesController.php'
    exception-code: 'Undefined property: App\Controller\MusiquesController::$musiquesModel'
[2024-11-13 21:59:56]	[ALERT]	404 - commande non existante :: /api/v1/musiques/
[2024-11-13 22:00:02]	[ALERT]	404 - commande non existante :: /api/v1/musiques/
[2024-11-13 22:00:14]	[ALERT]	404 - commande non existante :: /api/v1/musiques/
[2024-11-13 22:02:34]	[ALERT]	404 - commande non existante :: /api/v1/musiques/paginated
[2024-11-13 22:02:50]	[ALERT]	404 - commande non existante :: /api/v1/musiques/
[2024-11-13 22:02:51]	[ALERT]	404 - commande non existante :: /api/v1/musiques/
[2024-11-13 22:03:15]	[ALERT]	404 - commande non existante :: /api/v1/musiques/
[2024-11-13 22:03:15]	[ALERT]	404 - commande non existante :: /api/v1/musiques/
[2024-11-13 22:03:24]	[ALERT]	404 - commande non existante :: /api/v1/musiques/
[2024-11-13 22:03:25]	[ALERT]	404 - commande non existante :: /api/v1/musiques/
[2024-11-13 22:04:08]	[ALERT]	404 - commande non existante :: /api/v1/musiques/
[2024-11-13 22:04:51]	[ALERT]	404 - commande non existante :: /api/v1/albums/
[2024-11-13 22:05:21]	[ALERT]	404 - commande non existante :: /
